<?xml version="1.0" encoding="UTF-8"?>
<testng-results ignored="0" total="2" passed="2" failed="0" skipped="0">
  <reporter-output>
  </reporter-output>
  <suite started-at="2024-07-28T17:20:06 IST" name="Suite" finished-at="2024-07-28T17:20:26 IST" duration-ms="20586">
    <groups>
    </groups>
    <test started-at="2024-07-28T17:20:06 IST" name="Test" finished-at="2024-07-28T17:20:26 IST" duration-ms="20586">
      <class name="testCases.TestCasesForFlipkart">
        <test-method signature="lapTopOrder()[pri:1, instance:testCases.TestCasesForFlipkart@460d0a57]" started-at="2024-07-28T17:20:06 IST" name="lapTopOrder" finished-at="2024-07-28T17:20:15 IST" duration-ms="8785" status="PASS">
          <reporter-output>
          </reporter-output>
        </test-method> <!-- lapTopOrder -->
        <test-method signature="autoSuggestions()[pri:2, instance:testCases.TestCasesForFlipkart@460d0a57]" started-at="2024-07-28T17:20:15 IST" name="autoSuggestions" finished-at="2024-07-28T17:20:26 IST" duration-ms="11628" status="PASS">
          <reporter-output>
          </reporter-output>
        </test-method> <!-- autoSuggestions -->
      </class> <!-- testCases.TestCasesForFlipkart -->
    </test> <!-- Test -->
  </suite> <!-- Suite -->
</testng-results>
