<?xml version="1.0" encoding="UTF-8"?>
<testng-results ignored="0" total="2" passed="2" failed="0" skipped="0">
  <reporter-output>
  </reporter-output>
  <suite started-at="2024-07-28T16:16:25 IST" name="Suite" finished-at="2024-07-28T16:16:43 IST" duration-ms="17933">
    <groups>
    </groups>
    <test started-at="2024-07-28T16:16:25 IST" name="Test" finished-at="2024-07-28T16:16:43 IST" duration-ms="17933">
      <class name="testCases.TestCaseForLapTopOrder">
        <test-method signature="lapTopOrder()[pri:1, instance:testCases.TestCaseForLapTopOrder@4f18837a]" started-at="2024-07-28T16:16:25 IST" name="lapTopOrder" finished-at="2024-07-28T16:16:33 IST" duration-ms="8411" status="PASS">
          <reporter-output>
          </reporter-output>
        </test-method> <!-- lapTopOrder -->
        <test-method signature="autoSuggestions()[pri:2, instance:testCases.TestCaseForLapTopOrder@4f18837a]" started-at="2024-07-28T16:16:33 IST" name="autoSuggestions" finished-at="2024-07-28T16:16:43 IST" duration-ms="9301" status="PASS">
          <reporter-output>
          </reporter-output>
        </test-method> <!-- autoSuggestions -->
      </class> <!-- testCases.TestCaseForLapTopOrder -->
    </test> <!-- Test -->
  </suite> <!-- Suite -->
</testng-results>
